
Lmod is automatically replacing "craype-x86-rome" with "craype-x86-milan".

-------------------------------------------------------------------------------
There are messages associated with the following module(s):
-------------------------------------------------------------------------------

LUMI/22.12:
The LUMI/22.12 is approaching end-of-life fast. We expect problems after the
system update of the summer of 2024, and in some cases, the only solution may
be to rebuild with LUMI/24.03 once that version is installed and contains the
necessary packages.

-------------------------------------------------------------------------------


Inactive Modules:
  1) seff

The following have been reloaded with a version change:
  1) LUMI/24.03 => LUMI/22.12     2) partition/L => partition/C


Lmod is automatically replacing "cpeGNU/22.12" with "PrgEnv-gnu/8.3.3".


Lmod is automatically replacing "cce/17.0.1" with "gcc/11.2.0".


Lmod is automatically replacing "PrgEnv-cray/8.5.0" with "cpeGNU/22.12".


The following have been reloaded with a version change:
  1) cray-dsmml/0.3.0 => cray-dsmml/0.2.2
  2) cray-libsci/24.03.0 => cray-libsci/22.12.1.1
  3) cray-mpich/8.1.29 => cray-mpich/8.1.27
  4) craype/2.7.31.11 => craype/2.7.19
  5) perftools-base/24.03.0 => perftools-base/22.12.0

[PE_0]: cpumask set to 1 cpu on nid002275, cpumask = 0000000000000000000000000000000000000000000000000000000000000000000000000000000000000000000000000000000000000000000000000000000000000000000000000000000000000000000000000000000000000000000000000000000000000000000000000000000000000000000000000000000000000001
[PE_1]: cpumask set to 1 cpu on nid002275, cpumask = 0000000000000000000000000000000000000000000000000000000000000000000000000000000000000000000000000000000000000000000000000000000000000000000000000000000000000000000000000000000000000000000000000000000000000000000000000000000000000000000000010000000000000000
[PE_2]: cpumask set to 1 cpu on nid002275, cpumask = 0000000000000000000000000000000000000000000000000000000000000000000000000000000000000000000000000000000000000000000000000000000000000000000000000000000000000000000000000000000000000000000000000000000000000000000000000000000100000000000000000000000000000000
[PE_3]: cpumask set to 1 cpu on nid002275, cpumask = 0000000000000000000000000000000000000000000000000000000000000000000000000000000000000000000000000000000000000000000000000000000000000000000000000000000000000000000000000000000000000000000000000000000000000001000000000000000000000000000000000000000000000000
[PE_4]: cpumask set to 1 cpu on nid002275, cpumask = 0000000000000000000000000000000000000000000000000000000000000000000000000000000000000000000000000000000000000000000000000000000000000000000000000000000000000000000000000000000000000000000000010000000000000000000000000000000000000000000000000000000000000000
[PE_5]: cpumask set to 1 cpu on nid002275, cpumask = 0000000000000000000000000000000000000000000000000000000000000000000000000000000000000000000000000000000000000000000000000000000000000000000000000000000000000000000000000000000100000000000000000000000000000000000000000000000000000000000000000000000000000000
[PE_6]: cpumask set to 1 cpu on nid002275, cpumask = 0000000000000000000000000000000000000000000000000000000000000000000000000000000000000000000000000000000000000000000000000000000000000000000000000000000000000001000000000000000000000000000000000000000000000000000000000000000000000000000000000000000000000000
[PE_7]: cpumask set to 1 cpu on nid002275, cpumask = 0000000000000000000000000000000000000000000000000000000000000000000000000000000000000000000000000000000000000000000000000000000000000000000000010000000000000000000000000000000000000000000000000000000000000000000000000000000000000000000000000000000000000000

Running 8 MPI ranks with 16 threads each (total number of threads: 128).

++ hybrid_check: MPI rank   0/8   OpenMP thread   0/16  on cpu   0/256 of nid002275 mask 0............................................................................................................................................................................................................................................................... 0
++ hybrid_check: MPI rank   0/8   OpenMP thread   1/16  on cpu   1/256 of nid002275 mask .0.............................................................................................................................................................................................................................................................. 1
++ hybrid_check: MPI rank   0/8   OpenMP thread   2/16  on cpu   2/256 of nid002275 mask ..0............................................................................................................................................................................................................................................................. 2
++ hybrid_check: MPI rank   0/8   OpenMP thread   3/16  on cpu   3/256 of nid002275 mask ...0............................................................................................................................................................................................................................................................ 3
++ hybrid_check: MPI rank   0/8   OpenMP thread   4/16  on cpu   4/256 of nid002275 mask ....0........................................................................................................................................................................................................................................................... 4
++ hybrid_check: MPI rank   0/8   OpenMP thread   5/16  on cpu   5/256 of nid002275 mask .....0.......................................................................................................................................................................................................................................................... 5
++ hybrid_check: MPI rank   0/8   OpenMP thread   6/16  on cpu   6/256 of nid002275 mask ......0......................................................................................................................................................................................................................................................... 6
++ hybrid_check: MPI rank   0/8   OpenMP thread   7/16  on cpu   7/256 of nid002275 mask .......0........................................................................................................................................................................................................................................................ 7
++ hybrid_check: MPI rank   0/8   OpenMP thread   8/16  on cpu   8/256 of nid002275 mask ........0....................................................................................................................................................................................................................................................... 8
++ hybrid_check: MPI rank   0/8   OpenMP thread   9/16  on cpu   9/256 of nid002275 mask .........0...................................................................................................................................................................................................................................................... 9
++ hybrid_check: MPI rank   0/8   OpenMP thread  10/16  on cpu  10/256 of nid002275 mask ..........0..................................................................................................................................................................................................................................................... 10
++ hybrid_check: MPI rank   0/8   OpenMP thread  11/16  on cpu  11/256 of nid002275 mask ...........0.................................................................................................................................................................................................................................................... 11
++ hybrid_check: MPI rank   0/8   OpenMP thread  12/16  on cpu  12/256 of nid002275 mask ............0................................................................................................................................................................................................................................................... 12
++ hybrid_check: MPI rank   0/8   OpenMP thread  13/16  on cpu  13/256 of nid002275 mask .............0.................................................................................................................................................................................................................................................. 13
++ hybrid_check: MPI rank   0/8   OpenMP thread  14/16  on cpu  14/256 of nid002275 mask ..............0................................................................................................................................................................................................................................................. 14
++ hybrid_check: MPI rank   0/8   OpenMP thread  15/16  on cpu  15/256 of nid002275 mask ...............0................................................................................................................................................................................................................................................ 15
++ hybrid_check: MPI rank   1/8   OpenMP thread   0/16  on cpu  16/256 of nid002275 mask ................1............................................................................................................................................................................................................................................... 16
++ hybrid_check: MPI rank   1/8   OpenMP thread   1/16  on cpu  17/256 of nid002275 mask .................1.............................................................................................................................................................................................................................................. 17
++ hybrid_check: MPI rank   1/8   OpenMP thread   2/16  on cpu  18/256 of nid002275 mask ..................1............................................................................................................................................................................................................................................. 18
++ hybrid_check: MPI rank   1/8   OpenMP thread   3/16  on cpu  19/256 of nid002275 mask ...................1............................................................................................................................................................................................................................................ 19
++ hybrid_check: MPI rank   1/8   OpenMP thread   4/16  on cpu  20/256 of nid002275 mask ....................1........................................................................................................................................................................................................................................... 20
++ hybrid_check: MPI rank   1/8   OpenMP thread   5/16  on cpu  21/256 of nid002275 mask .....................1.......................................................................................................................................................................................................................................... 21
++ hybrid_check: MPI rank   1/8   OpenMP thread   6/16  on cpu  22/256 of nid002275 mask ......................1......................................................................................................................................................................................................................................... 22
++ hybrid_check: MPI rank   1/8   OpenMP thread   7/16  on cpu  23/256 of nid002275 mask .......................1........................................................................................................................................................................................................................................ 23
++ hybrid_check: MPI rank   1/8   OpenMP thread   8/16  on cpu  24/256 of nid002275 mask ........................1....................................................................................................................................................................................................................................... 24
++ hybrid_check: MPI rank   1/8   OpenMP thread   9/16  on cpu  25/256 of nid002275 mask .........................1...................................................................................................................................................................................................................................... 25
++ hybrid_check: MPI rank   1/8   OpenMP thread  10/16  on cpu  26/256 of nid002275 mask ..........................1..................................................................................................................................................................................................................................... 26
++ hybrid_check: MPI rank   1/8   OpenMP thread  11/16  on cpu  27/256 of nid002275 mask ...........................1.................................................................................................................................................................................................................................... 27
++ hybrid_check: MPI rank   1/8   OpenMP thread  12/16  on cpu  28/256 of nid002275 mask ............................1................................................................................................................................................................................................................................... 28
++ hybrid_check: MPI rank   1/8   OpenMP thread  13/16  on cpu  29/256 of nid002275 mask .............................1.................................................................................................................................................................................................................................. 29
++ hybrid_check: MPI rank   1/8   OpenMP thread  14/16  on cpu  30/256 of nid002275 mask ..............................1................................................................................................................................................................................................................................. 30
++ hybrid_check: MPI rank   1/8   OpenMP thread  15/16  on cpu  31/256 of nid002275 mask ...............................1................................................................................................................................................................................................................................ 31
++ hybrid_check: MPI rank   2/8   OpenMP thread   0/16  on cpu  32/256 of nid002275 mask ................................2............................................................................................................................................................................................................................... 32
++ hybrid_check: MPI rank   2/8   OpenMP thread   1/16  on cpu  33/256 of nid002275 mask .................................2.............................................................................................................................................................................................................................. 33
++ hybrid_check: MPI rank   2/8   OpenMP thread   2/16  on cpu  34/256 of nid002275 mask ..................................2............................................................................................................................................................................................................................. 34
++ hybrid_check: MPI rank   2/8   OpenMP thread   3/16  on cpu  35/256 of nid002275 mask ...................................2............................................................................................................................................................................................................................ 35
++ hybrid_check: MPI rank   2/8   OpenMP thread   4/16  on cpu  36/256 of nid002275 mask ....................................2........................................................................................................................................................................................................................... 36
++ hybrid_check: MPI rank   2/8   OpenMP thread   5/16  on cpu  37/256 of nid002275 mask .....................................2.......................................................................................................................................................................................................................... 37
++ hybrid_check: MPI rank   2/8   OpenMP thread   6/16  on cpu  38/256 of nid002275 mask ......................................2......................................................................................................................................................................................................................... 38
++ hybrid_check: MPI rank   2/8   OpenMP thread   7/16  on cpu  39/256 of nid002275 mask .......................................2........................................................................................................................................................................................................................ 39
++ hybrid_check: MPI rank   2/8   OpenMP thread   8/16  on cpu  40/256 of nid002275 mask ........................................2....................................................................................................................................................................................................................... 40
++ hybrid_check: MPI rank   2/8   OpenMP thread   9/16  on cpu  41/256 of nid002275 mask .........................................2...................................................................................................................................................................................................................... 41
++ hybrid_check: MPI rank   2/8   OpenMP thread  10/16  on cpu  42/256 of nid002275 mask ..........................................2..................................................................................................................................................................................................................... 42
++ hybrid_check: MPI rank   2/8   OpenMP thread  11/16  on cpu  43/256 of nid002275 mask ...........................................2.................................................................................................................................................................................................................... 43
++ hybrid_check: MPI rank   2/8   OpenMP thread  12/16  on cpu  44/256 of nid002275 mask ............................................2................................................................................................................................................................................................................... 44
++ hybrid_check: MPI rank   2/8   OpenMP thread  13/16  on cpu  45/256 of nid002275 mask .............................................2.................................................................................................................................................................................................................. 45
++ hybrid_check: MPI rank   2/8   OpenMP thread  14/16  on cpu  46/256 of nid002275 mask ..............................................2................................................................................................................................................................................................................. 46
++ hybrid_check: MPI rank   2/8   OpenMP thread  15/16  on cpu  47/256 of nid002275 mask ...............................................2................................................................................................................................................................................................................ 47
++ hybrid_check: MPI rank   3/8   OpenMP thread   0/16  on cpu  48/256 of nid002275 mask ................................................3............................................................................................................................................................................................................... 48
++ hybrid_check: MPI rank   3/8   OpenMP thread   1/16  on cpu  49/256 of nid002275 mask .................................................3.............................................................................................................................................................................................................. 49
++ hybrid_check: MPI rank   3/8   OpenMP thread   2/16  on cpu  50/256 of nid002275 mask ..................................................3............................................................................................................................................................................................................. 50
++ hybrid_check: MPI rank   3/8   OpenMP thread   3/16  on cpu  51/256 of nid002275 mask ...................................................3............................................................................................................................................................................................................ 51
++ hybrid_check: MPI rank   3/8   OpenMP thread   4/16  on cpu  52/256 of nid002275 mask ....................................................3........................................................................................................................................................................................................... 52
++ hybrid_check: MPI rank   3/8   OpenMP thread   5/16  on cpu  53/256 of nid002275 mask .....................................................3.......................................................................................................................................................................................................... 53
++ hybrid_check: MPI rank   3/8   OpenMP thread   6/16  on cpu  54/256 of nid002275 mask ......................................................3......................................................................................................................................................................................................... 54
++ hybrid_check: MPI rank   3/8   OpenMP thread   7/16  on cpu  55/256 of nid002275 mask .......................................................3........................................................................................................................................................................................................ 55
++ hybrid_check: MPI rank   3/8   OpenMP thread   8/16  on cpu  56/256 of nid002275 mask ........................................................3....................................................................................................................................................................................................... 56
++ hybrid_check: MPI rank   3/8   OpenMP thread   9/16  on cpu  57/256 of nid002275 mask .........................................................3...................................................................................................................................................................................................... 57
++ hybrid_check: MPI rank   3/8   OpenMP thread  10/16  on cpu  58/256 of nid002275 mask ..........................................................3..................................................................................................................................................................................................... 58
++ hybrid_check: MPI rank   3/8   OpenMP thread  11/16  on cpu  59/256 of nid002275 mask ...........................................................3.................................................................................................................................................................................................... 59
++ hybrid_check: MPI rank   3/8   OpenMP thread  12/16  on cpu  60/256 of nid002275 mask ............................................................3................................................................................................................................................................................................... 60
++ hybrid_check: MPI rank   3/8   OpenMP thread  13/16  on cpu  61/256 of nid002275 mask .............................................................3.................................................................................................................................................................................................. 61
++ hybrid_check: MPI rank   3/8   OpenMP thread  14/16  on cpu  62/256 of nid002275 mask ..............................................................3................................................................................................................................................................................................. 62
++ hybrid_check: MPI rank   3/8   OpenMP thread  15/16  on cpu  63/256 of nid002275 mask ...............................................................3................................................................................................................................................................................................ 63
++ hybrid_check: MPI rank   4/8   OpenMP thread   0/16  on cpu  64/256 of nid002275 mask ................................................................4............................................................................................................................................................................................... 64
++ hybrid_check: MPI rank   4/8   OpenMP thread   1/16  on cpu  65/256 of nid002275 mask .................................................................4.............................................................................................................................................................................................. 65
++ hybrid_check: MPI rank   4/8   OpenMP thread   2/16  on cpu  66/256 of nid002275 mask ..................................................................4............................................................................................................................................................................................. 66
++ hybrid_check: MPI rank   4/8   OpenMP thread   3/16  on cpu  67/256 of nid002275 mask ...................................................................4............................................................................................................................................................................................ 67
++ hybrid_check: MPI rank   4/8   OpenMP thread   4/16  on cpu  68/256 of nid002275 mask ....................................................................4........................................................................................................................................................................................... 68
++ hybrid_check: MPI rank   4/8   OpenMP thread   5/16  on cpu  69/256 of nid002275 mask .....................................................................4.......................................................................................................................................................................................... 69
++ hybrid_check: MPI rank   4/8   OpenMP thread   6/16  on cpu  70/256 of nid002275 mask ......................................................................4......................................................................................................................................................................................... 70
++ hybrid_check: MPI rank   4/8   OpenMP thread   7/16  on cpu  71/256 of nid002275 mask .......................................................................4........................................................................................................................................................................................ 71
++ hybrid_check: MPI rank   4/8   OpenMP thread   8/16  on cpu  72/256 of nid002275 mask ........................................................................4....................................................................................................................................................................................... 72
++ hybrid_check: MPI rank   4/8   OpenMP thread   9/16  on cpu  73/256 of nid002275 mask .........................................................................4...................................................................................................................................................................................... 73
++ hybrid_check: MPI rank   4/8   OpenMP thread  10/16  on cpu  74/256 of nid002275 mask ..........................................................................4..................................................................................................................................................................................... 74
++ hybrid_check: MPI rank   4/8   OpenMP thread  11/16  on cpu  75/256 of nid002275 mask ...........................................................................4.................................................................................................................................................................................... 75
++ hybrid_check: MPI rank   4/8   OpenMP thread  12/16  on cpu  76/256 of nid002275 mask ............................................................................4................................................................................................................................................................................... 76
++ hybrid_check: MPI rank   4/8   OpenMP thread  13/16  on cpu  77/256 of nid002275 mask .............................................................................4.................................................................................................................................................................................. 77
++ hybrid_check: MPI rank   4/8   OpenMP thread  14/16  on cpu  78/256 of nid002275 mask ..............................................................................4................................................................................................................................................................................. 78
++ hybrid_check: MPI rank   4/8   OpenMP thread  15/16  on cpu  79/256 of nid002275 mask ...............................................................................4................................................................................................................................................................................ 79
++ hybrid_check: MPI rank   5/8   OpenMP thread   0/16  on cpu  80/256 of nid002275 mask ................................................................................5............................................................................................................................................................................... 80
++ hybrid_check: MPI rank   5/8   OpenMP thread   1/16  on cpu  81/256 of nid002275 mask .................................................................................5.............................................................................................................................................................................. 81
++ hybrid_check: MPI rank   5/8   OpenMP thread   2/16  on cpu  82/256 of nid002275 mask ..................................................................................5............................................................................................................................................................................. 82
++ hybrid_check: MPI rank   5/8   OpenMP thread   3/16  on cpu  83/256 of nid002275 mask ...................................................................................5............................................................................................................................................................................ 83
++ hybrid_check: MPI rank   5/8   OpenMP thread   4/16  on cpu  84/256 of nid002275 mask ....................................................................................5........................................................................................................................................................................... 84
++ hybrid_check: MPI rank   5/8   OpenMP thread   5/16  on cpu  85/256 of nid002275 mask .....................................................................................5.......................................................................................................................................................................... 85
++ hybrid_check: MPI rank   5/8   OpenMP thread   6/16  on cpu  86/256 of nid002275 mask ......................................................................................5......................................................................................................................................................................... 86
++ hybrid_check: MPI rank   5/8   OpenMP thread   7/16  on cpu  87/256 of nid002275 mask .......................................................................................5........................................................................................................................................................................ 87
++ hybrid_check: MPI rank   5/8   OpenMP thread   8/16  on cpu  88/256 of nid002275 mask ........................................................................................5....................................................................................................................................................................... 88
++ hybrid_check: MPI rank   5/8   OpenMP thread   9/16  on cpu  89/256 of nid002275 mask .........................................................................................5...................................................................................................................................................................... 89
++ hybrid_check: MPI rank   5/8   OpenMP thread  10/16  on cpu  90/256 of nid002275 mask ..........................................................................................5..................................................................................................................................................................... 90
++ hybrid_check: MPI rank   5/8   OpenMP thread  11/16  on cpu  91/256 of nid002275 mask ...........................................................................................5.................................................................................................................................................................... 91
++ hybrid_check: MPI rank   5/8   OpenMP thread  12/16  on cpu  92/256 of nid002275 mask ............................................................................................5................................................................................................................................................................... 92
++ hybrid_check: MPI rank   5/8   OpenMP thread  13/16  on cpu  93/256 of nid002275 mask .............................................................................................5.................................................................................................................................................................. 93
++ hybrid_check: MPI rank   5/8   OpenMP thread  14/16  on cpu  94/256 of nid002275 mask ..............................................................................................5................................................................................................................................................................. 94
++ hybrid_check: MPI rank   5/8   OpenMP thread  15/16  on cpu  95/256 of nid002275 mask ...............................................................................................5................................................................................................................................................................ 95
++ hybrid_check: MPI rank   6/8   OpenMP thread   0/16  on cpu  96/256 of nid002275 mask ................................................................................................6............................................................................................................................................................... 96
++ hybrid_check: MPI rank   6/8   OpenMP thread   1/16  on cpu  97/256 of nid002275 mask .................................................................................................6.............................................................................................................................................................. 97
++ hybrid_check: MPI rank   6/8   OpenMP thread   2/16  on cpu  98/256 of nid002275 mask ..................................................................................................6............................................................................................................................................................. 98
++ hybrid_check: MPI rank   6/8   OpenMP thread   3/16  on cpu  99/256 of nid002275 mask ...................................................................................................6............................................................................................................................................................ 99
++ hybrid_check: MPI rank   6/8   OpenMP thread   4/16  on cpu 100/256 of nid002275 mask ....................................................................................................6........................................................................................................................................................... 100
++ hybrid_check: MPI rank   6/8   OpenMP thread   5/16  on cpu 101/256 of nid002275 mask .....................................................................................................6.......................................................................................................................................................... 101
++ hybrid_check: MPI rank   6/8   OpenMP thread   6/16  on cpu 102/256 of nid002275 mask ......................................................................................................6......................................................................................................................................................... 102
++ hybrid_check: MPI rank   6/8   OpenMP thread   7/16  on cpu 103/256 of nid002275 mask .......................................................................................................6........................................................................................................................................................ 103
++ hybrid_check: MPI rank   6/8   OpenMP thread   8/16  on cpu 104/256 of nid002275 mask ........................................................................................................6....................................................................................................................................................... 104
++ hybrid_check: MPI rank   6/8   OpenMP thread   9/16  on cpu 105/256 of nid002275 mask .........................................................................................................6...................................................................................................................................................... 105
++ hybrid_check: MPI rank   6/8   OpenMP thread  10/16  on cpu 106/256 of nid002275 mask ..........................................................................................................6..................................................................................................................................................... 106
++ hybrid_check: MPI rank   6/8   OpenMP thread  11/16  on cpu 107/256 of nid002275 mask ...........................................................................................................6.................................................................................................................................................... 107
++ hybrid_check: MPI rank   6/8   OpenMP thread  12/16  on cpu 108/256 of nid002275 mask ............................................................................................................6................................................................................................................................................... 108
++ hybrid_check: MPI rank   6/8   OpenMP thread  13/16  on cpu 109/256 of nid002275 mask .............................................................................................................6.................................................................................................................................................. 109
++ hybrid_check: MPI rank   6/8   OpenMP thread  14/16  on cpu 110/256 of nid002275 mask ..............................................................................................................6................................................................................................................................................. 110
++ hybrid_check: MPI rank   6/8   OpenMP thread  15/16  on cpu 111/256 of nid002275 mask ...............................................................................................................6................................................................................................................................................ 111
++ hybrid_check: MPI rank   7/8   OpenMP thread   0/16  on cpu 112/256 of nid002275 mask ................................................................................................................7............................................................................................................................................... 112
++ hybrid_check: MPI rank   7/8   OpenMP thread   1/16  on cpu 113/256 of nid002275 mask .................................................................................................................7.............................................................................................................................................. 113
++ hybrid_check: MPI rank   7/8   OpenMP thread   2/16  on cpu 114/256 of nid002275 mask ..................................................................................................................7............................................................................................................................................. 114
++ hybrid_check: MPI rank   7/8   OpenMP thread   3/16  on cpu 115/256 of nid002275 mask ...................................................................................................................7............................................................................................................................................ 115
++ hybrid_check: MPI rank   7/8   OpenMP thread   4/16  on cpu 116/256 of nid002275 mask ....................................................................................................................7........................................................................................................................................... 116
++ hybrid_check: MPI rank   7/8   OpenMP thread   5/16  on cpu 117/256 of nid002275 mask .....................................................................................................................7.......................................................................................................................................... 117
++ hybrid_check: MPI rank   7/8   OpenMP thread   6/16  on cpu 118/256 of nid002275 mask ......................................................................................................................7......................................................................................................................................... 118
++ hybrid_check: MPI rank   7/8   OpenMP thread   7/16  on cpu 119/256 of nid002275 mask .......................................................................................................................7........................................................................................................................................ 119
++ hybrid_check: MPI rank   7/8   OpenMP thread   8/16  on cpu 120/256 of nid002275 mask ........................................................................................................................7....................................................................................................................................... 120
++ hybrid_check: MPI rank   7/8   OpenMP thread   9/16  on cpu 121/256 of nid002275 mask .........................................................................................................................7...................................................................................................................................... 121
++ hybrid_check: MPI rank   7/8   OpenMP thread  10/16  on cpu 122/256 of nid002275 mask ..........................................................................................................................7..................................................................................................................................... 122
++ hybrid_check: MPI rank   7/8   OpenMP thread  11/16  on cpu 123/256 of nid002275 mask ...........................................................................................................................7.................................................................................................................................... 123
++ hybrid_check: MPI rank   7/8   OpenMP thread  12/16  on cpu 124/256 of nid002275 mask ............................................................................................................................7................................................................................................................................... 124
++ hybrid_check: MPI rank   7/8   OpenMP thread  13/16  on cpu 125/256 of nid002275 mask .............................................................................................................................7.................................................................................................................................. 125
++ hybrid_check: MPI rank   7/8   OpenMP thread  14/16  on cpu 126/256 of nid002275 mask ..............................................................................................................................7................................................................................................................................. 126
++ hybrid_check: MPI rank   7/8   OpenMP thread  15/16  on cpu 127/256 of nid002275 mask ...............................................................................................................................7................................................................................................................................ 127

